#
# There is insufficient memory for the Java Runtime Environment to continue.
# Native memory allocation (malloc) failed to allocate 1048576 bytes for AllocateHeap
# Possible reasons:
#   The system is out of physical RAM or swap space
#   The process is running with CompressedOops enabled, and the Java Heap may be blocking the growth of the native heap
# Possible solutions:
#   Reduce memory load on the system
#   Increase physical memory or swap space
#   Check if swap backing store is full
#   Decrease Java heap size (-Xmx/-Xms)
#   Decrease number of Java threads
#   Decrease Java thread stack sizes (-Xss)
#   Set larger code cache with -XX:ReservedCodeCacheSize=
#   JVM is running with Zero Based Compressed Oops mode in which the Java heap is
#     placed in the first 32GB address space. The Java Heap base address is the
#     maximum limit for the native heap growth. Please use -XX:HeapBaseMinAddress
#     to set the Java Heap base and to place the Java Heap above 32GB virtual address.
# This output file may be truncated or incomplete.
#
#  Out of Memory Error (allocation.cpp:44), pid=14616, tid=6556
#
# JRE version:  (17.0.6) (build )
# Java VM: OpenJDK 64-Bit Server VM (17.0.6+0-b2043.56-10027231, mixed mode, sharing, tiered, compressed oops, compressed class ptrs, g1 gc, windows-amd64)
# No core dump will be written. Minidumps are not enabled by default on client versions of Windows
#

---------------  S U M M A R Y ------------

Command Line: 

Host: AMD Ryzen 5 3500U with Radeon Vega Mobile Gfx  , 8 cores, 9G,  Windows 10 , 64 bit Build 19041 (10.0.19041.3393)
Time: Fri Feb  2 15:22:26 2024 India Standard Time elapsed time: 0.015157 seconds (0d 0h 0m 0s)

---------------  T H R E A D  ---------------

Current thread (0x0000021f14a57890):  JavaThread "Unknown thread" [_thread_in_vm, id=6556, stack(0x000000bb2d600000,0x000000bb2d700000)]

Stack: [0x000000bb2d600000,0x000000bb2d700000]
Native frames: (J=compiled Java code, j=interpreted, Vv=VM code, C=native code)
V  [jvm.dll+0x683c9a]
V  [jvm.dll+0x8427a4]
V  [jvm.dll+0x843f9e]
V  [jvm.dll+0x844603]
V  [jvm.dll+0x249b75]
V  [jvm.dll+0xa641f]
V  [jvm.dll+0x2e8e27]
V  [jvm.dll+0x2e0b3b]
V  [jvm.dll+0x814091]
V  [jvm.dll+0x36e6a1]
V  [jvm.dll+0x7f35cc]
V  [jvm.dll+0x3f0e8f]
V  [jvm.dll+0x3f29d1]
C  [jli.dll+0x526b]
C  [ucrtbase.dll+0x21bb2]
C  [KERNEL32.DLL+0x17344]
C  [ntdll.dll+0x526b1]


---------------  P R O C E S S  ---------------

Threads class SMR info:
_java_thread_list=0x00007ffcc951c058, length=0, elements={
}

Java Threads: ( => current thread )

Other Threads:
  0x0000021f14aa84e0 GCTaskThread "GC Thread#0" [stack: 0x000000bb2d700000,0x000000bb2d800000] [id=11836]

[error occurred during error reporting (printing all threads), id 0xc0000005, EXCEPTION_ACCESS_VIOLATION (0xc0000005) at pc=0x00007ffcc8ccdd70]

VM state: not at safepoint (not fully initialized)

VM Mutex/Monitor currently owned by a thread:  ([mutex/lock_event])
[0x0000021f14a54970] Heap_lock - owner thread: 0x0000021f14a57890

Heap address: 0x0000000761e00000, size: 2530 MB, Compressed Oops mode: Zero based, Oop shift amount: 3

CDS archive(s) mapped at: [0x0000000000000000-0x0000000000000000-0x0000000000000000), size 0, SharedBaseAddress: 0x0000000800000000, ArchiveRelocationMode: 0.
Narrow klass base: 0x0000000000000000, Narrow klass shift: 0, Narrow klass range: 0x0

GC Precious Log:
<Empty>

Heap:
 garbage-first heap   total 0K, used 0K [0x0000000761e00000, 0x0000000800000000)
  region size 2048K, 0 young (0K), 0 survivors (0K)

[error occurred during error reporting (printing heap information), id 0xc0000005, EXCEPTION_ACCESS_VIOLATION (0xc0000005) at pc=0x00007ffcc90bda89]

GC Heap History (0 events):
No events

Dll operation events (1 events):
Event: 0.010 Loaded shared library C:\Program Files\Android\Android Studio\jbr\bin\java.dll

Deoptimization events (0 events):
No events

Classes unloaded (0 events):
No events

Classes redefined (0 events):
No events

Internal exceptions (0 events):
No events

VM Operations (0 events):
No events

Events (0 events):
No events


Dynamic libraries:
0x00007ff740c30000 - 0x00007ff740c3a000 	C:\Program Files\Android\Android Studio\jbr\bin\java.EXE
0x00007ffd3a4f0000 - 0x00007ffd3a6e8000 	C:\Windows\SYSTEM32\ntdll.dll
0x00007ffd39ee0000 - 0x00007ffd39f9d000 	C:\Windows\System32\KERNEL32.DLL
0x00007ffd38180000 - 0x00007ffd38476000 	C:\Windows\System32\KERNELBASE.dll
0x00007ffd37fa0000 - 0x00007ffd380a0000 	C:\Windows\System32\ucrtbase.dll
0x00007ffd2a580000 - 0x00007ffd2a59b000 	C:\Program Files\Android\Android Studio\jbr\bin\VCRUNTIME140.dll
0x00007ffd2a560000 - 0x00007ffd2a577000 	C:\Program Files\Android\Android Studio\jbr\bin\jli.dll
0x00007ffd38550000 - 0x00007ffd386ee000 	C:\Windows\System32\USER32.dll
0x00007ffd36f50000 - 0x00007ffd371ea000 	C:\Windows\WinSxS\amd64_microsoft.windows.common-controls_6595b64144ccf1df_6.0.19041.1110_none_60b5254171f9507e\COMCTL32.dll
0x00007ffd37d60000 - 0x00007ffd37d82000 	C:\Windows\System32\win32u.dll
0x00007ffd38860000 - 0x00007ffd388fe000 	C:\Windows\System32\msvcrt.dll
0x00007ffd39430000 - 0x00007ffd3945c000 	C:\Windows\System32\GDI32.dll
0x00007ffd37bd0000 - 0x00007ffd37cea000 	C:\Windows\System32\gdi32full.dll
0x00007ffd38480000 - 0x00007ffd3851d000 	C:\Windows\System32\msvcp_win.dll
0x00007ffd3a050000 - 0x00007ffd3a080000 	C:\Windows\System32\IMM32.DLL
0x00007ffd2a6a0000 - 0x00007ffd2a6ac000 	C:\Program Files\Android\Android Studio\jbr\bin\vcruntime140_1.dll
0x00007ffd29930000 - 0x00007ffd299bd000 	C:\Program Files\Android\Android Studio\jbr\bin\msvcp140.dll
0x00007ffcc89e0000 - 0x00007ffcc964e000 	C:\Program Files\Android\Android Studio\jbr\bin\server\jvm.dll
0x00007ffd39cf0000 - 0x00007ffd39d9e000 	C:\Windows\System32\ADVAPI32.dll
0x00007ffd3a3e0000 - 0x00007ffd3a47c000 	C:\Windows\System32\sechost.dll
0x00007ffd39da0000 - 0x00007ffd39ec6000 	C:\Windows\System32\RPCRT4.dll
0x00007ffd2a550000 - 0x00007ffd2a559000 	C:\Windows\SYSTEM32\WSOCK32.dll
0x00007ffd2cd30000 - 0x00007ffd2cd57000 	C:\Windows\SYSTEM32\WINMM.dll
0x00007ffd2cd20000 - 0x00007ffd2cd2a000 	C:\Windows\SYSTEM32\VERSION.dll
0x00007ffd39580000 - 0x00007ffd395eb000 	C:\Windows\System32\WS2_32.dll
0x00007ffd34c60000 - 0x00007ffd34c72000 	C:\Windows\SYSTEM32\kernel.appcore.dll
0x00007ffd2a540000 - 0x00007ffd2a54a000 	C:\Program Files\Android\Android Studio\jbr\bin\jimage.dll
0x00007ffd374e0000 - 0x00007ffd376c4000 	C:\Windows\SYSTEM32\DBGHELP.DLL
0x00007ffd37300000 - 0x00007ffd37334000 	C:\Windows\SYSTEM32\dbgcore.DLL
0x00007ffd380f0000 - 0x00007ffd38172000 	C:\Windows\System32\bcryptPrimitives.dll
0x00007ffd29f00000 - 0x00007ffd29f25000 	C:\Program Files\Android\Android Studio\jbr\bin\java.dll

dbghelp: loaded successfully - version: 4.0.5 - missing functions: none
symbol engine: initialized successfully - sym options: 0x614 - pdb path: .;C:\Program Files\Android\Android Studio\jbr\bin;C:\Windows\SYSTEM32;C:\Windows\WinSxS\amd64_microsoft.windows.common-controls_6595b64144ccf1df_6.0.19041.1110_none_60b5254171f9507e;C:\Program Files\Android\Android Studio\jbr\bin\server

VM Arguments:
java_command: <unknown>
java_class_path (initial): <not set>
Launcher Type: SUN_STANDARD

[Global flags]
     intx CICompilerCount                          = 4                                         {product} {ergonomic}
     uint ConcGCThreads                            = 2                                         {product} {ergonomic}
     uint G1ConcRefinementThreads                  = 8                                         {product} {ergonomic}
   size_t G1HeapRegionSize                         = 2097152                                   {product} {ergonomic}
    uintx GCDrainStackTargetSize                   = 64                                        {product} {ergonomic}
   size_t InitialHeapSize                          = 167772160                                 {product} {ergonomic}
   size_t MarkStackSize                            = 4194304                                   {product} {ergonomic}
   size_t MaxHeapSize                              = 2652897280                                {product} {ergonomic}
   size_t MinHeapDeltaBytes                        = 2097152                                   {product} {ergonomic}
   size_t MinHeapSize                              = 8388608                                   {product} {ergonomic}
    uintx NonNMethodCodeHeapSize                   = 5839372                                {pd product} {ergonomic}
    uintx NonProfiledCodeHeapSize                  = 122909434                              {pd product} {ergonomic}
    uintx ProfiledCodeHeapSize                     = 122909434                              {pd product} {ergonomic}
    uintx ReservedCodeCacheSize                    = 251658240                              {pd product} {ergonomic}
     bool SegmentedCodeCache                       = true                                      {product} {ergonomic}
   size_t SoftMaxHeapSize                          = 2652897280                             {manageable} {ergonomic}
     bool UseCompressedClassPointers               = true                           {product lp64_product} {ergonomic}
     bool UseCompressedOops                        = true                           {product lp64_product} {ergonomic}
     bool UseG1GC                                  = true                                      {product} {ergonomic}
     bool UseLargePagesIndividualAllocation        = false                                  {pd product} {ergonomic}

Logging:
Log output configuration:
 #0: stdout all=warning uptime,level,tags
 #1: stderr all=off uptime,level,tags

Environment Variables:
JAVA_HOME=C:\Program Files\Android\Android Studio\jbr
PATH=C:\Program Files\Android\Android Studio\jbr\bin;C:\Program Files\Common Files\Oracle\Java\javapath;C:\Windows\system32;C:\Windows;C:\Windows\System32\Wbem;C:\Windows\System32\WindowsPowerShell\v1.0\;C:\Windows\System32\OpenSSH\;E:\GAGAN\bin;E:\GAGAN\MINI PROJECT\PortableGit\bin;E:\GAGAN\MINI PROJECT\PortableGit\cmd;E:\GAGAN\Git\cmd;C:\Users\GAGAN\AppData\Local\Microsoft\WindowsApps;C:\Users\GAGAN\AppData\Local\Programs\Microsoft VS Code\bin;E:\GAGAN\IntelliJ IDEA Community Edition 2023.2\bin;;C:\flutter\bin;E:\GAGAN\src\flutter\bin;;C:\flutter\bin\mingit\cmd;C:\flutter\bin\mingit\cmd
USERNAME=GAGAN
OS=Windows_NT
PROCESSOR_IDENTIFIER=AMD64 Family 23 Model 24 Stepping 1, AuthenticAMD
TMP=C:\Users\GAGAN\AppData\Local\Temp
TEMP=C:\Users\GAGAN\AppData\Local\Temp


JNI global refs:

[error occurred during error reporting (JNI global references), id 0xc0000005, EXCEPTION_ACCESS_VIOLATION (0xc0000005) at pc=0x00007ffcc8a97a10]


---------------  S Y S T E M  ---------------

OS:
 Windows 10 , 64 bit Build 19041 (10.0.19041.3393)
OS uptime: 1 days 18:16 hours

CPU: total 8 (initial active 8) (8 cores per cpu, 2 threads per core) family 23 model 24 stepping 1 microcode 0x0, cx8, cmov, fxsr, ht, mmx, 3dnowpref, sse, sse2, sse3, ssse3, sse4a, sse4.1, sse4.2, popcnt, lzcnt, tsc, tscinvbit, avx, avx2, aes, clmul, bmi1, bmi2, adx, sha, fma, vzeroupper, clflush, clflushopt

Memory: 4k page, system-wide physical 10116M (1096M free)
TotalPageFile size 12716M (AvailPageFile size 4M)
current process WorkingSet (physical memory assigned to process): 10M, peak: 10M
current process commit charge ("private bytes"): 52M, peak: 53M

vm_info: OpenJDK 64-Bit Server VM (17.0.6+0-b2043.56-10027231) for windows-amd64 JRE (17.0.6+0-b2043.56-10027231), built on Apr 28 2023 00:43:19 by "androidbuild" with MS VC++ 16.10 / 16.11 (VS2019)

END.
