#
# There is insufficient memory for the Java Runtime Environment to continue.
# Native memory allocation (mmap) failed to map 167772160 bytes for G1 virtual space
# Possible reasons:
#   The system is out of physical RAM or swap space
#   The process is running with CompressedOops enabled, and the Java Heap may be blocking the growth of the native heap
# Possible solutions:
#   Reduce memory load on the system
#   Increase physical memory or swap space
#   Check if swap backing store is full
#   Decrease Java heap size (-Xmx/-Xms)
#   Decrease number of Java threads
#   Decrease Java thread stack sizes (-Xss)
#   Set larger code cache with -XX:ReservedCodeCacheSize=
#   JVM is running with Zero Based Compressed Oops mode in which the Java heap is
#     placed in the first 32GB address space. The Java Heap base address is the
#     maximum limit for the native heap growth. Please use -XX:HeapBaseMinAddress
#     to set the Java Heap base and to place the Java Heap above 32GB virtual address.
# This output file may be truncated or incomplete.
#
#  Out of Memory Error (os_windows.cpp:3769), pid=13436, tid=7172
#
# JRE version:  (17.0.6) (build )
# Java VM: OpenJDK 64-Bit Server VM (17.0.6+0-b2043.56-10027231, mixed mode, sharing, tiered, compressed oops, compressed class ptrs, g1 gc, windows-amd64)
# No core dump will be written. Minidumps are not enabled by default on client versions of Windows
#

---------------  S U M M A R Y ------------

Command Line: 

Host: AMD Ryzen 5 3500U with Radeon Vega Mobile Gfx  , 8 cores, 9G,  Windows 10 , 64 bit Build 19041 (10.0.19041.3393)
Time: Mon Jan 29 19:15:29 2024 India Standard Time elapsed time: 0.057799 seconds (0d 0h 0m 0s)

---------------  T H R E A D  ---------------

Current thread (0x0000023831578a20):  JavaThread "Unknown thread" [_thread_in_vm, id=7172, stack(0x000000ca4bb00000,0x000000ca4bc00000)]

Stack: [0x000000ca4bb00000,0x000000ca4bc00000]
Native frames: (J=compiled Java code, j=interpreted, Vv=VM code, C=native code)
V  [jvm.dll+0x683c9a]
V  [jvm.dll+0x8427a4]
V  [jvm.dll+0x843f9e]
V  [jvm.dll+0x844603]
V  [jvm.dll+0x249b75]
V  [jvm.dll+0x680b69]
V  [jvm.dll+0x67505a]
V  [jvm.dll+0x309acb]
V  [jvm.dll+0x310f86]
V  [jvm.dll+0x3608ee]
V  [jvm.dll+0x360b1f]
V  [jvm.dll+0x2dfbf8]
V  [jvm.dll+0x2e0b64]
V  [jvm.dll+0x814091]
V  [jvm.dll+0x36e6a1]
V  [jvm.dll+0x7f35cc]
V  [jvm.dll+0x3f0e8f]
V  [jvm.dll+0x3f29d1]
C  [jli.dll+0x526b]
C  [ucrtbase.dll+0x21bb2]
C  [KERNEL32.DLL+0x17344]
C  [ntdll.dll+0x526b1]


---------------  P R O C E S S  ---------------

Threads class SMR info:
_java_thread_list=0x00007ffc93d9c058, length=0, elements={
}

Java Threads: ( => current thread )

Other Threads:
  0x00000238315ca420 GCTaskThread "GC Thread#0" [stack: 0x000000ca4bc00000,0x000000ca4bd00000] [id=7152]
  0x00000238315d5080 ConcurrentGCThread "G1 Main Marker" [stack: 0x000000ca4bd00000,0x000000ca4be00000] [id=13764]
  0x00000238315d6140 ConcurrentGCThread "G1 Conc#0" [stack: 0x000000ca4be00000,0x000000ca4bf00000] [id=7988]

[error occurred during error reporting (printing all threads), id 0xc0000005, EXCEPTION_ACCESS_VIOLATION (0xc0000005) at pc=0x00007ffc93550797]

VM state: not at safepoint (not fully initialized)

VM Mutex/Monitor currently owned by a thread:  ([mutex/lock_event])
[0x0000023831575710] Heap_lock - owner thread: 0x0000023831578a20

Heap address: 0x0000000761e00000, size: 2530 MB, Compressed Oops mode: Zero based, Oop shift amount: 3

CDS archive(s) mapped at: [0x0000000000000000-0x0000000000000000-0x0000000000000000), size 0, SharedBaseAddress: 0x0000000800000000, ArchiveRelocationMode: 0.
Narrow klass base: 0x0000000000000000, Narrow klass shift: 0, Narrow klass range: 0x0

GC Precious Log:
<Empty>

Heap:
 garbage-first heap   total 0K, used 0K [0x0000000761e00000, 0x0000000800000000)
  region size 2048K, 0 young (0K), 0 survivors (0K)

[error occurred during error reporting (printing heap information), id 0xc0000005, EXCEPTION_ACCESS_VIOLATION (0xc0000005) at pc=0x00007ffc9393da89]

GC Heap History (0 events):
No events

Dll operation events (1 events):
Event: 0.007 Loaded shared library C:\Program Files\Android\Android Studio\jbr\bin\java.dll

Deoptimization events (0 events):
No events

Classes unloaded (0 events):
No events

Classes redefined (0 events):
No events

Internal exceptions (0 events):
No events

VM Operations (0 events):
No events

Events (0 events):
No events


Dynamic libraries:
0x00007ff6f2670000 - 0x00007ff6f267a000 	C:\Program Files\Android\Android Studio\jbr\bin\java.EXE
0x00007ffcc5e90000 - 0x00007ffcc6088000 	C:\Windows\SYSTEM32\ntdll.dll
0x00007ffcc5300000 - 0x00007ffcc53bd000 	C:\Windows\System32\KERNEL32.DLL
0x00007ffcc35c0000 - 0x00007ffcc38b6000 	C:\Windows\System32\KERNELBASE.dll
0x00007ffcc3960000 - 0x00007ffcc3a60000 	C:\Windows\System32\ucrtbase.dll
0x00007ffcacaa0000 - 0x00007ffcacab7000 	C:\Program Files\Android\Android Studio\jbr\bin\jli.dll
0x00007ffcb3fb0000 - 0x00007ffcb3fcb000 	C:\Program Files\Android\Android Studio\jbr\bin\VCRUNTIME140.dll
0x00007ffcc5cb0000 - 0x00007ffcc5e4e000 	C:\Windows\System32\USER32.dll
0x00007ffcc3930000 - 0x00007ffcc3952000 	C:\Windows\System32\win32u.dll
0x00007ffcb3220000 - 0x00007ffcb34ba000 	C:\Windows\WinSxS\amd64_microsoft.windows.common-controls_6595b64144ccf1df_6.0.19041.1110_none_60b5254171f9507e\COMCTL32.dll
0x00007ffcc4720000 - 0x00007ffcc474c000 	C:\Windows\System32\GDI32.dll
0x00007ffcc56f0000 - 0x00007ffcc578e000 	C:\Windows\System32\msvcrt.dll
0x00007ffcc3d20000 - 0x00007ffcc3e3a000 	C:\Windows\System32\gdi32full.dll
0x00007ffcc3a60000 - 0x00007ffcc3afd000 	C:\Windows\System32\msvcp_win.dll
0x00007ffcc46f0000 - 0x00007ffcc4720000 	C:\Windows\System32\IMM32.DLL
0x00007ffcc0b80000 - 0x00007ffcc0b8c000 	C:\Program Files\Android\Android Studio\jbr\bin\vcruntime140_1.dll
0x00007ffcac650000 - 0x00007ffcac6dd000 	C:\Program Files\Android\Android Studio\jbr\bin\msvcp140.dll
0x00007ffc93260000 - 0x00007ffc93ece000 	C:\Program Files\Android\Android Studio\jbr\bin\server\jvm.dll
0x00007ffcc4b20000 - 0x00007ffcc4bce000 	C:\Windows\System32\ADVAPI32.dll
0x00007ffcc5c10000 - 0x00007ffcc5cac000 	C:\Windows\System32\sechost.dll
0x00007ffcc4c40000 - 0x00007ffcc4d66000 	C:\Windows\System32\RPCRT4.dll
0x00007ffcb47a0000 - 0x00007ffcb47a9000 	C:\Windows\SYSTEM32\WSOCK32.dll
0x00007ffcba700000 - 0x00007ffcba727000 	C:\Windows\SYSTEM32\WINMM.dll
0x00007ffcc5680000 - 0x00007ffcc56eb000 	C:\Windows\System32\WS2_32.dll
0x00007ffcba7b0000 - 0x00007ffcba7ba000 	C:\Windows\SYSTEM32\VERSION.dll
0x00007ffcc1400000 - 0x00007ffcc1412000 	C:\Windows\SYSTEM32\kernel.appcore.dll
0x00007ffca6d40000 - 0x00007ffca6d4a000 	C:\Program Files\Android\Android Studio\jbr\bin\jimage.dll
0x00007ffcb93a0000 - 0x00007ffcb9584000 	C:\Windows\SYSTEM32\DBGHELP.DLL
0x00007ffcb0620000 - 0x00007ffcb0654000 	C:\Windows\SYSTEM32\dbgcore.DLL
0x00007ffcc3b00000 - 0x00007ffcc3b82000 	C:\Windows\System32\bcryptPrimitives.dll
0x00007ffc9a9b0000 - 0x00007ffc9a9d5000 	C:\Program Files\Android\Android Studio\jbr\bin\java.dll

dbghelp: loaded successfully - version: 4.0.5 - missing functions: none
symbol engine: initialized successfully - sym options: 0x614 - pdb path: .;C:\Program Files\Android\Android Studio\jbr\bin;C:\Windows\SYSTEM32;C:\Windows\WinSxS\amd64_microsoft.windows.common-controls_6595b64144ccf1df_6.0.19041.1110_none_60b5254171f9507e;C:\Program Files\Android\Android Studio\jbr\bin\server

VM Arguments:
java_command: <unknown>
java_class_path (initial): <not set>
Launcher Type: SUN_STANDARD

[Global flags]
     intx CICompilerCount                          = 4                                         {product} {ergonomic}
     uint ConcGCThreads                            = 2                                         {product} {ergonomic}
     uint G1ConcRefinementThreads                  = 8                                         {product} {ergonomic}
   size_t G1HeapRegionSize                         = 2097152                                   {product} {ergonomic}
    uintx GCDrainStackTargetSize                   = 64                                        {product} {ergonomic}
   size_t InitialHeapSize                          = 167772160                                 {product} {ergonomic}
   size_t MarkStackSize                            = 4194304                                   {product} {ergonomic}
   size_t MaxHeapSize                              = 2652897280                                {product} {ergonomic}
   size_t MinHeapDeltaBytes                        = 2097152                                   {product} {ergonomic}
   size_t MinHeapSize                              = 8388608                                   {product} {ergonomic}
    uintx NonNMethodCodeHeapSize                   = 5839372                                {pd product} {ergonomic}
    uintx NonProfiledCodeHeapSize                  = 122909434                              {pd product} {ergonomic}
    uintx ProfiledCodeHeapSize                     = 122909434                              {pd product} {ergonomic}
    uintx ReservedCodeCacheSize                    = 251658240                              {pd product} {ergonomic}
     bool SegmentedCodeCache                       = true                                      {product} {ergonomic}
   size_t SoftMaxHeapSize                          = 2652897280                             {manageable} {ergonomic}
     bool UseCompressedClassPointers               = true                           {product lp64_product} {ergonomic}
     bool UseCompressedOops                        = true                           {product lp64_product} {ergonomic}
     bool UseG1GC                                  = true                                      {product} {ergonomic}
     bool UseLargePagesIndividualAllocation        = false                                  {pd product} {ergonomic}

Logging:
Log output configuration:
 #0: stdout all=warning uptime,level,tags
 #1: stderr all=off uptime,level,tags

Environment Variables:
PATH=C:\flutter\bin\;C:\Program Files\Common Files\Oracle\Java\javapath;C:\Windows\system32;C:\Windows;C:\Windows\System32\Wbem;C:\Windows\System32\WindowsPowerShell\v1.0\;C:\Windows\System32\OpenSSH\;E:\GAGAN\bin;E:\GAGAN\MINI PROJECT\PortableGit\bin;E:\GAGAN\MINI PROJECT\PortableGit\cmd;C:\Users\GAGAN\AppData\Local\Microsoft\WindowsApps;C:\Users\GAGAN\AppData\Local\Programs\Microsoft VS Code\bin;E:\GAGAN\IntelliJ IDEA Community Edition 2023.2\bin;;C:\flutter\bin;;C:\flutter\bin\mingit\cmd
USERNAME=GAGAN
LANG=en_US.UTF-8
OS=Windows_NT
PROCESSOR_IDENTIFIER=AMD64 Family 23 Model 24 Stepping 1, AuthenticAMD
TMP=C:\Users\GAGAN\AppData\Local\Temp
TEMP=C:\Users\GAGAN\AppData\Local\Temp


JNI global refs:

[error occurred during error reporting (JNI global references), id 0xc0000005, EXCEPTION_ACCESS_VIOLATION (0xc0000005) at pc=0x00007ffc93317a10]


---------------  S Y S T E M  ---------------

OS:
 Windows 10 , 64 bit Build 19041 (10.0.19041.3393)
OS uptime: 1 days 4:27 hours

CPU: total 8 (initial active 8) (8 cores per cpu, 2 threads per core) family 23 model 24 stepping 1 microcode 0x0, cx8, cmov, fxsr, ht, mmx, 3dnowpref, sse, sse2, sse3, ssse3, sse4a, sse4.1, sse4.2, popcnt, lzcnt, tsc, tscinvbit, avx, avx2, aes, clmul, bmi1, bmi2, adx, sha, fma, vzeroupper, clflush, clflushopt

Memory: 4k page, system-wide physical 10116M (1492M free)
TotalPageFile size 12716M (AvailPageFile size 25M)
current process WorkingSet (physical memory assigned to process): 10M, peak: 10M
current process commit charge ("private bytes"): 59M, peak: 219M

vm_info: OpenJDK 64-Bit Server VM (17.0.6+0-b2043.56-10027231) for windows-amd64 JRE (17.0.6+0-b2043.56-10027231), built on Apr 28 2023 00:43:19 by "androidbuild" with MS VC++ 16.10 / 16.11 (VS2019)

END.
