#
# There is insufficient memory for the Java Runtime Environment to continue.
# Native memory allocation (malloc) failed to allocate 1048576 bytes for AllocateHeap
# Possible reasons:
#   The system is out of physical RAM or swap space
#   The process is running with CompressedOops enabled, and the Java Heap may be blocking the growth of the native heap
# Possible solutions:
#   Reduce memory load on the system
#   Increase physical memory or swap space
#   Check if swap backing store is full
#   Decrease Java heap size (-Xmx/-Xms)
#   Decrease number of Java threads
#   Decrease Java thread stack sizes (-Xss)
#   Set larger code cache with -XX:ReservedCodeCacheSize=
#   JVM is running with Unscaled Compressed Oops mode in which the Java heap is
#     placed in the first 4GB address space. The Java Heap base address is the
#     maximum limit for the native heap growth. Please use -XX:HeapBaseMinAddress
#     to set the Java Heap base and to place the Java Heap above 4GB virtual address.
# This output file may be truncated or incomplete.
#
#  Out of Memory Error (allocation.cpp:44), pid=2616, tid=11980
#
# JRE version:  (17.0.6) (build )
# Java VM: OpenJDK 64-Bit Server VM (17.0.6+0-b2043.56-10027231, mixed mode, sharing, tiered, compressed oops, compressed class ptrs, g1 gc, windows-amd64)
# No core dump will be written. Minidumps are not enabled by default on client versions of Windows
#

---------------  S U M M A R Y ------------

Command Line: 

Host: AMD Ryzen 5 3500U with Radeon Vega Mobile Gfx  , 8 cores, 9G,  Windows 10 , 64 bit Build 19041 (10.0.19041.3393)
Time: Fri Feb  2 18:21:22 2024 India Standard Time elapsed time: 0.022730 seconds (0d 0h 0m 0s)

---------------  T H R E A D  ---------------

Current thread (0x000001d4273767e0):  JavaThread "Unknown thread" [_thread_in_vm, id=11980, stack(0x000000556a800000,0x000000556a900000)]

Stack: [0x000000556a800000,0x000000556a900000]
Native frames: (J=compiled Java code, j=interpreted, Vv=VM code, C=native code)
V  [jvm.dll+0x683c9a]
V  [jvm.dll+0x8427a4]
V  [jvm.dll+0x843f9e]
V  [jvm.dll+0x844603]
V  [jvm.dll+0x249b75]
V  [jvm.dll+0xa641f]
V  [jvm.dll+0x2db8c4]
V  [jvm.dll+0x81405c]
V  [jvm.dll+0x36e6a1]
V  [jvm.dll+0x7f35cc]
V  [jvm.dll+0x3f0e8f]
V  [jvm.dll+0x3f29d1]
C  [jli.dll+0x526b]
C  [ucrtbase.dll+0x21bb2]
C  [KERNEL32.DLL+0x17344]
C  [ntdll.dll+0x526b1]


---------------  P R O C E S S  ---------------

Threads class SMR info:
_java_thread_list=0x00007ff84df0c058, length=0, elements={
}

Java Threads: ( => current thread )

Other Threads:

=>0x000001d4273767e0 (exited) JavaThread "Unknown thread" [_thread_in_vm, id=11980, stack(0x000000556a800000,0x000000556a900000)]

Threads with active compile tasks:

VM state: not at safepoint (not fully initialized)

VM Mutex/Monitor currently owned by a thread: None

Heap address: 0x0000000000000000, size: 0 MB, Compressed Oops mode: 32-bit

CDS archive(s) mapped at: [0x0000000000000000-0x0000000000000000-0x0000000000000000), size 0, SharedBaseAddress: 0x0000000800000000, ArchiveRelocationMode: 0.
Narrow klass base: 0x0000000000000000, Narrow klass shift: 0, Narrow klass range: 0x0

GC Precious Log:
<Empty>

GC Heap History (0 events):
No events

Dll operation events (1 events):
Event: 0.007 Loaded shared library C:\Program Files\Android\Android Studio\jbr\bin\java.dll

Deoptimization events (0 events):
No events

Classes unloaded (0 events):
No events

Classes redefined (0 events):
No events

Internal exceptions (0 events):
No events

VM Operations (0 events):
No events

Events (0 events):
No events


Dynamic libraries:
0x00007ff63bab0000 - 0x00007ff63baba000 	C:\Program Files\Android\Android Studio\jbr\bin\java.EXE
0x00007ff8bfc70000 - 0x00007ff8bfe68000 	C:\Windows\SYSTEM32\ntdll.dll
0x00007ff8be810000 - 0x00007ff8be8cd000 	C:\Windows\System32\KERNEL32.DLL
0x00007ff8bd500000 - 0x00007ff8bd7f6000 	C:\Windows\System32\KERNELBASE.dll
0x00007ff8bda40000 - 0x00007ff8bdb40000 	C:\Windows\System32\ucrtbase.dll
0x00007ff89f4c0000 - 0x00007ff89f4db000 	C:\Program Files\Android\Android Studio\jbr\bin\VCRUNTIME140.dll
0x00007ff8a8210000 - 0x00007ff8a8227000 	C:\Program Files\Android\Android Studio\jbr\bin\jli.dll
0x00007ff8bf820000 - 0x00007ff8bf9be000 	C:\Windows\System32\USER32.dll
0x00007ff8acf00000 - 0x00007ff8ad19a000 	C:\Windows\WinSxS\amd64_microsoft.windows.common-controls_6595b64144ccf1df_6.0.19041.1110_none_60b5254171f9507e\COMCTL32.dll
0x00007ff8bdca0000 - 0x00007ff8bdcc2000 	C:\Windows\System32\win32u.dll
0x00007ff8bf590000 - 0x00007ff8bf62e000 	C:\Windows\System32\msvcrt.dll
0x00007ff8bf630000 - 0x00007ff8bf65c000 	C:\Windows\System32\GDI32.dll
0x00007ff8bd3e0000 - 0x00007ff8bd4fa000 	C:\Windows\System32\gdi32full.dll
0x00007ff8bd920000 - 0x00007ff8bd9bd000 	C:\Windows\System32\msvcp_win.dll
0x00007ff8bf790000 - 0x00007ff8bf7c0000 	C:\Windows\System32\IMM32.DLL
0x00007ff8a8200000 - 0x00007ff8a820c000 	C:\Program Files\Android\Android Studio\jbr\bin\vcruntime140_1.dll
0x00007ff880f20000 - 0x00007ff880fad000 	C:\Program Files\Android\Android Studio\jbr\bin\msvcp140.dll
0x00007ff84d3d0000 - 0x00007ff84e03e000 	C:\Program Files\Android\Android Studio\jbr\bin\server\jvm.dll
0x00007ff8bed90000 - 0x00007ff8bee3e000 	C:\Windows\System32\ADVAPI32.dll
0x00007ff8be660000 - 0x00007ff8be6fc000 	C:\Windows\System32\sechost.dll
0x00007ff8bf660000 - 0x00007ff8bf786000 	C:\Windows\System32\RPCRT4.dll
0x00007ff8b3340000 - 0x00007ff8b3367000 	C:\Windows\SYSTEM32\WINMM.dll
0x00007ff8a34a0000 - 0x00007ff8a34a9000 	C:\Windows\SYSTEM32\WSOCK32.dll
0x00007ff8bec60000 - 0x00007ff8beccb000 	C:\Windows\System32\WS2_32.dll
0x00007ff8b6260000 - 0x00007ff8b626a000 	C:\Windows\SYSTEM32\VERSION.dll
0x00007ff8bb1e0000 - 0x00007ff8bb1f2000 	C:\Windows\SYSTEM32\kernel.appcore.dll
0x00007ff8a3330000 - 0x00007ff8a333a000 	C:\Program Files\Android\Android Studio\jbr\bin\jimage.dll
0x00007ff8b0700000 - 0x00007ff8b08e4000 	C:\Windows\SYSTEM32\DBGHELP.DLL
0x00007ff8a9740000 - 0x00007ff8a9774000 	C:\Windows\SYSTEM32\dbgcore.DLL
0x00007ff8bd350000 - 0x00007ff8bd3d2000 	C:\Windows\System32\bcryptPrimitives.dll
0x00007ff89ba10000 - 0x00007ff89ba35000 	C:\Program Files\Android\Android Studio\jbr\bin\java.dll

dbghelp: loaded successfully - version: 4.0.5 - missing functions: none
symbol engine: initialized successfully - sym options: 0x614 - pdb path: .;C:\Program Files\Android\Android Studio\jbr\bin;C:\Windows\SYSTEM32;C:\Windows\WinSxS\amd64_microsoft.windows.common-controls_6595b64144ccf1df_6.0.19041.1110_none_60b5254171f9507e;C:\Program Files\Android\Android Studio\jbr\bin\server

VM Arguments:
java_command: <unknown>
java_class_path (initial): <not set>
Launcher Type: SUN_STANDARD

[Global flags]
     intx CICompilerCount                          = 4                                         {product} {ergonomic}
     uint ConcGCThreads                            = 2                                         {product} {ergonomic}
     uint G1ConcRefinementThreads                  = 8                                         {product} {ergonomic}
   size_t G1HeapRegionSize                         = 2097152                                   {product} {ergonomic}
    uintx GCDrainStackTargetSize                   = 64                                        {product} {ergonomic}
   size_t InitialHeapSize                          = 167772160                                 {product} {ergonomic}
   size_t MarkStackSize                            = 4194304                                   {product} {ergonomic}
   size_t MaxHeapSize                              = 2652897280                                {product} {ergonomic}
   size_t MinHeapDeltaBytes                        = 2097152                                   {product} {ergonomic}
   size_t MinHeapSize                              = 8388608                                   {product} {ergonomic}
    uintx NonNMethodCodeHeapSize                   = 5839372                                {pd product} {ergonomic}
    uintx NonProfiledCodeHeapSize                  = 122909434                              {pd product} {ergonomic}
    uintx ProfiledCodeHeapSize                     = 122909434                              {pd product} {ergonomic}
    uintx ReservedCodeCacheSize                    = 251658240                              {pd product} {ergonomic}
     bool SegmentedCodeCache                       = true                                      {product} {ergonomic}
   size_t SoftMaxHeapSize                          = 2652897280                             {manageable} {ergonomic}
     bool UseCompressedClassPointers               = true                           {product lp64_product} {ergonomic}
     bool UseCompressedOops                        = true                           {product lp64_product} {ergonomic}
     bool UseG1GC                                  = true                                      {product} {ergonomic}
     bool UseLargePagesIndividualAllocation        = false                                  {pd product} {ergonomic}

Logging:
Log output configuration:
 #0: stdout all=warning uptime,level,tags
 #1: stderr all=off uptime,level,tags

Environment Variables:
PATH=C:\Program Files\Common Files\Oracle\Java\javapath;C:\Windows\system32;C:\Windows;C:\Windows\System32\Wbem;C:\Windows\System32\WindowsPowerShell\v1.0\;C:\Windows\System32\OpenSSH\;E:\GAGAN\bin;E:\GAGAN\MINI PROJECT\PortableGit\bin;E:\GAGAN\MINI PROJECT\PortableGit\cmd;E:\GAGAN\Git\cmd;C:\Users\GAGAN\AppData\Local\Microsoft\WindowsApps;C:\Users\GAGAN\AppData\Local\Programs\Microsoft VS Code\bin;E:\GAGAN\IntelliJ IDEA Community Edition 2023.2\bin;;C:\flutter\bin;E:\GAGAN\src\flutter\bin;;C:\flutter\bin\mingit\cmd;C:\flutter\bin\mingit\cmd
USERNAME=GAGAN
OS=Windows_NT
PROCESSOR_IDENTIFIER=AMD64 Family 23 Model 24 Stepping 1, AuthenticAMD
TMP=C:\Users\GAGAN\AppData\Local\Temp
TEMP=C:\Users\GAGAN\AppData\Local\Temp


JNI global refs:

[error occurred during error reporting (JNI global references), id 0xc0000005, EXCEPTION_ACCESS_VIOLATION (0xc0000005) at pc=0x00007ff84d487a10]


---------------  S Y S T E M  ---------------

OS:
 Windows 10 , 64 bit Build 19041 (10.0.19041.3393)
OS uptime: 0 days 2:58 hours

CPU: total 8 (initial active 8) (8 cores per cpu, 2 threads per core) family 23 model 24 stepping 1 microcode 0x0, cx8, cmov, fxsr, ht, mmx, 3dnowpref, sse, sse2, sse3, ssse3, sse4a, sse4.1, sse4.2, popcnt, lzcnt, tsc, tscinvbit, avx, avx2, aes, clmul, bmi1, bmi2, adx, sha, fma, vzeroupper, clflush, clflushopt

Memory: 4k page, system-wide physical 10116M (1866M free)
TotalPageFile size 12716M (AvailPageFile size 5M)
current process WorkingSet (physical memory assigned to process): 9M, peak: 9M
current process commit charge ("private bytes"): 12M, peak: 13M

vm_info: OpenJDK 64-Bit Server VM (17.0.6+0-b2043.56-10027231) for windows-amd64 JRE (17.0.6+0-b2043.56-10027231), built on Apr 28 2023 00:43:19 by "androidbuild" with MS VC++ 16.10 / 16.11 (VS2019)

END.
