#
# There is insufficient memory for the Java Runtime Environment to continue.
# Native memory allocation (mmap) failed to map 167772160 bytes for G1 virtual space
# Possible reasons:
#   The system is out of physical RAM or swap space
#   The process is running with CompressedOops enabled, and the Java Heap may be blocking the growth of the native heap
# Possible solutions:
#   Reduce memory load on the system
#   Increase physical memory or swap space
#   Check if swap backing store is full
#   Decrease Java heap size (-Xmx/-Xms)
#   Decrease number of Java threads
#   Decrease Java thread stack sizes (-Xss)
#   Set larger code cache with -XX:ReservedCodeCacheSize=
#   JVM is running with Zero Based Compressed Oops mode in which the Java heap is
#     placed in the first 32GB address space. The Java Heap base address is the
#     maximum limit for the native heap growth. Please use -XX:HeapBaseMinAddress
#     to set the Java Heap base and to place the Java Heap above 32GB virtual address.
# This output file may be truncated or incomplete.
#
#  Out of Memory Error (os_windows.cpp:3769), pid=14904, tid=3224
#
# JRE version:  (17.0.6) (build )
# Java VM: OpenJDK 64-Bit Server VM (17.0.6+0-b2043.56-10027231, mixed mode, sharing, tiered, compressed oops, compressed class ptrs, g1 gc, windows-amd64)
# No core dump will be written. Minidumps are not enabled by default on client versions of Windows
#

---------------  S U M M A R Y ------------

Command Line: 

Host: AMD Ryzen 5 3500U with Radeon Vega Mobile Gfx  , 8 cores, 9G,  Windows 10 , 64 bit Build 19041 (10.0.19041.3393)
Time: Wed Jan 31 09:10:49 2024 India Standard Time elapsed time: 0.017966 seconds (0d 0h 0m 0s)

---------------  T H R E A D  ---------------

Current thread (0x0000029d7cb26a50):  JavaThread "Unknown thread" [_thread_in_vm, id=3224, stack(0x000000c8ce700000,0x000000c8ce800000)]

Stack: [0x000000c8ce700000,0x000000c8ce800000]
Native frames: (J=compiled Java code, j=interpreted, Vv=VM code, C=native code)
V  [jvm.dll+0x683c9a]
V  [jvm.dll+0x8427a4]
V  [jvm.dll+0x843f9e]
V  [jvm.dll+0x844603]
V  [jvm.dll+0x249b75]
V  [jvm.dll+0x680b69]
V  [jvm.dll+0x67505a]
V  [jvm.dll+0x309acb]
V  [jvm.dll+0x310f86]
V  [jvm.dll+0x3608ee]
V  [jvm.dll+0x360b1f]
V  [jvm.dll+0x2dfbf8]
V  [jvm.dll+0x2e0b64]
V  [jvm.dll+0x814091]
V  [jvm.dll+0x36e6a1]
V  [jvm.dll+0x7f35cc]
V  [jvm.dll+0x3f0e8f]
V  [jvm.dll+0x3f29d1]
C  [jli.dll+0x526b]
C  [ucrtbase.dll+0x21bb2]
C  [KERNEL32.DLL+0x17344]
C  [ntdll.dll+0x526b1]


---------------  P R O C E S S  ---------------

Threads class SMR info:
_java_thread_list=0x00007ffe7268c058, length=0, elements={
}

Java Threads: ( => current thread )

Other Threads:
  0x0000029d7cb78450 GCTaskThread "GC Thread#0" [stack: 0x000000c8ce800000,0x000000c8ce900000] [id=2280]
  0x0000029d7cb831a0 ConcurrentGCThread "G1 Main Marker" [stack: 0x000000c8ce900000,0x000000c8cea00000] [id=9152]
  0x0000029d7cb84350 ConcurrentGCThread "G1 Conc#0" [stack: 0x000000c8cea00000,0x000000c8ceb00000] [id=11892]

[error occurred during error reporting (printing all threads), id 0xc0000005, EXCEPTION_ACCESS_VIOLATION (0xc0000005) at pc=0x00007ffe71e40797]

VM state: not at safepoint (not fully initialized)

VM Mutex/Monitor currently owned by a thread:  ([mutex/lock_event])
[0x0000029d7cb23110] Heap_lock - owner thread: 0x0000029d7cb26a50

Heap address: 0x0000000761e00000, size: 2530 MB, Compressed Oops mode: Zero based, Oop shift amount: 3

CDS archive(s) mapped at: [0x0000000000000000-0x0000000000000000-0x0000000000000000), size 0, SharedBaseAddress: 0x0000000800000000, ArchiveRelocationMode: 0.
Narrow klass base: 0x0000000000000000, Narrow klass shift: 0, Narrow klass range: 0x0

GC Precious Log:
<Empty>

Heap:
 garbage-first heap   total 0K, used 0K [0x0000000761e00000, 0x0000000800000000)
  region size 2048K, 0 young (0K), 0 survivors (0K)

[error occurred during error reporting (printing heap information), id 0xc0000005, EXCEPTION_ACCESS_VIOLATION (0xc0000005) at pc=0x00007ffe7222da89]

GC Heap History (0 events):
No events

Dll operation events (1 events):
Event: 0.010 Loaded shared library C:\Program Files\Android\Android Studio\jbr\bin\java.dll

Deoptimization events (0 events):
No events

Classes unloaded (0 events):
No events

Classes redefined (0 events):
No events

Internal exceptions (0 events):
No events

VM Operations (0 events):
No events

Events (0 events):
No events


Dynamic libraries:
0x00007ff671a60000 - 0x00007ff671a6a000 	C:\Program Files\Android\Android Studio\jbr\bin\java.EXE
0x00007fff0dc30000 - 0x00007fff0de28000 	C:\Windows\SYSTEM32\ntdll.dll
0x00007fff0c410000 - 0x00007fff0c4cd000 	C:\Windows\System32\KERNEL32.DLL
0x00007fff0b710000 - 0x00007fff0ba06000 	C:\Windows\System32\KERNELBASE.dll
0x00007fff0ba10000 - 0x00007fff0bb10000 	C:\Windows\System32\ucrtbase.dll
0x00007ffedf8f0000 - 0x00007ffedf90b000 	C:\Program Files\Android\Android Studio\jbr\bin\VCRUNTIME140.dll
0x00007ffedf5f0000 - 0x00007ffedf607000 	C:\Program Files\Android\Android Studio\jbr\bin\jli.dll
0x00007fff0c270000 - 0x00007fff0c40e000 	C:\Windows\System32\USER32.dll
0x00007fff0b310000 - 0x00007fff0b332000 	C:\Windows\System32\win32u.dll
0x00007fff0a690000 - 0x00007fff0a92a000 	C:\Windows\WinSxS\amd64_microsoft.windows.common-controls_6595b64144ccf1df_6.0.19041.1110_none_60b5254171f9507e\COMCTL32.dll
0x00007fff0c5d0000 - 0x00007fff0c5fc000 	C:\Windows\System32\GDI32.dll
0x00007fff0d2b0000 - 0x00007fff0d34e000 	C:\Windows\System32\msvcrt.dll
0x00007fff0b5f0000 - 0x00007fff0b70a000 	C:\Windows\System32\gdi32full.dll
0x00007fff0bb60000 - 0x00007fff0bbfd000 	C:\Windows\System32\msvcp_win.dll
0x00007fff0c240000 - 0x00007fff0c270000 	C:\Windows\System32\IMM32.DLL
0x00007ffeee7f0000 - 0x00007ffeee7fc000 	C:\Program Files\Android\Android Studio\jbr\bin\vcruntime140_1.dll
0x00007ffeb13d0000 - 0x00007ffeb145d000 	C:\Program Files\Android\Android Studio\jbr\bin\msvcp140.dll
0x00007ffe71b50000 - 0x00007ffe727be000 	C:\Program Files\Android\Android Studio\jbr\bin\server\jvm.dll
0x00007fff0c600000 - 0x00007fff0c6ae000 	C:\Windows\System32\ADVAPI32.dll
0x00007fff0c530000 - 0x00007fff0c5cc000 	C:\Windows\System32\sechost.dll
0x00007fff0c6b0000 - 0x00007fff0c7d6000 	C:\Windows\System32\RPCRT4.dll
0x00007fff003f0000 - 0x00007fff00417000 	C:\Windows\SYSTEM32\WINMM.dll
0x00007fff07f90000 - 0x00007fff07f9a000 	C:\Windows\SYSTEM32\VERSION.dll
0x00007ffeee6e0000 - 0x00007ffeee6e9000 	C:\Windows\SYSTEM32\WSOCK32.dll
0x00007fff0d090000 - 0x00007fff0d0fb000 	C:\Windows\System32\WS2_32.dll
0x00007fff083a0000 - 0x00007fff083b2000 	C:\Windows\SYSTEM32\kernel.appcore.dll
0x00007ffeee060000 - 0x00007ffeee06a000 	C:\Program Files\Android\Android Studio\jbr\bin\jimage.dll
0x00007fff0ac20000 - 0x00007fff0ae04000 	C:\Windows\SYSTEM32\DBGHELP.DLL
0x00007fff0abe0000 - 0x00007fff0ac14000 	C:\Windows\SYSTEM32\dbgcore.DLL
0x00007fff0bc00000 - 0x00007fff0bc82000 	C:\Windows\System32\bcryptPrimitives.dll
0x00007ffedd700000 - 0x00007ffedd725000 	C:\Program Files\Android\Android Studio\jbr\bin\java.dll

dbghelp: loaded successfully - version: 4.0.5 - missing functions: none
symbol engine: initialized successfully - sym options: 0x614 - pdb path: .;C:\Program Files\Android\Android Studio\jbr\bin;C:\Windows\SYSTEM32;C:\Windows\WinSxS\amd64_microsoft.windows.common-controls_6595b64144ccf1df_6.0.19041.1110_none_60b5254171f9507e;C:\Program Files\Android\Android Studio\jbr\bin\server

VM Arguments:
java_command: <unknown>
java_class_path (initial): <not set>
Launcher Type: SUN_STANDARD

[Global flags]
     intx CICompilerCount                          = 4                                         {product} {ergonomic}
     uint ConcGCThreads                            = 2                                         {product} {ergonomic}
     uint G1ConcRefinementThreads                  = 8                                         {product} {ergonomic}
   size_t G1HeapRegionSize                         = 2097152                                   {product} {ergonomic}
    uintx GCDrainStackTargetSize                   = 64                                        {product} {ergonomic}
   size_t InitialHeapSize                          = 167772160                                 {product} {ergonomic}
   size_t MarkStackSize                            = 4194304                                   {product} {ergonomic}
   size_t MaxHeapSize                              = 2652897280                                {product} {ergonomic}
   size_t MinHeapDeltaBytes                        = 2097152                                   {product} {ergonomic}
   size_t MinHeapSize                              = 8388608                                   {product} {ergonomic}
    uintx NonNMethodCodeHeapSize                   = 5839372                                {pd product} {ergonomic}
    uintx NonProfiledCodeHeapSize                  = 122909434                              {pd product} {ergonomic}
    uintx ProfiledCodeHeapSize                     = 122909434                              {pd product} {ergonomic}
    uintx ReservedCodeCacheSize                    = 251658240                              {pd product} {ergonomic}
     bool SegmentedCodeCache                       = true                                      {product} {ergonomic}
   size_t SoftMaxHeapSize                          = 2652897280                             {manageable} {ergonomic}
     bool UseCompressedClassPointers               = true                           {product lp64_product} {ergonomic}
     bool UseCompressedOops                        = true                           {product lp64_product} {ergonomic}
     bool UseG1GC                                  = true                                      {product} {ergonomic}
     bool UseLargePagesIndividualAllocation        = false                                  {pd product} {ergonomic}

Logging:
Log output configuration:
 #0: stdout all=warning uptime,level,tags
 #1: stderr all=off uptime,level,tags

Environment Variables:
JAVA_HOME=C:\Program Files\Android\Android Studio\jbr
PATH=C:\Program Files\Android\Android Studio\jbr\bin;C:\Program Files\Common Files\Oracle\Java\javapath;C:\Windows\system32;C:\Windows;C:\Windows\System32\Wbem;C:\Windows\System32\WindowsPowerShell\v1.0\;C:\Windows\System32\OpenSSH\;E:\GAGAN\bin;E:\GAGAN\MINI PROJECT\PortableGit\bin;E:\GAGAN\MINI PROJECT\PortableGit\cmd;E:\GAGAN\Git\cmd;C:\Users\GAGAN\AppData\Local\Microsoft\WindowsApps;C:\Users\GAGAN\AppData\Local\Programs\Microsoft VS Code\bin;E:\GAGAN\IntelliJ IDEA Community Edition 2023.2\bin;;C:\flutter\bin;E:\GAGAN\src\flutter\bin;;C:\flutter\bin\mingit\cmd;C:\flutter\bin\mingit\cmd
USERNAME=GAGAN
OS=Windows_NT
PROCESSOR_IDENTIFIER=AMD64 Family 23 Model 24 Stepping 1, AuthenticAMD
TMP=C:\Users\GAGAN\AppData\Local\Temp
TEMP=C:\Users\GAGAN\AppData\Local\Temp


JNI global refs:

[error occurred during error reporting (JNI global references), id 0xc0000005, EXCEPTION_ACCESS_VIOLATION (0xc0000005) at pc=0x00007ffe71c07a10]


---------------  S Y S T E M  ---------------

OS:
 Windows 10 , 64 bit Build 19041 (10.0.19041.3393)
OS uptime: 0 days 14:26 hours

CPU: total 8 (initial active 8) (8 cores per cpu, 2 threads per core) family 23 model 24 stepping 1 microcode 0x0, cx8, cmov, fxsr, ht, mmx, 3dnowpref, sse, sse2, sse3, ssse3, sse4a, sse4.1, sse4.2, popcnt, lzcnt, tsc, tscinvbit, avx, avx2, aes, clmul, bmi1, bmi2, adx, sha, fma, vzeroupper, clflush, clflushopt

Memory: 4k page, system-wide physical 10116M (928M free)
TotalPageFile size 12716M (AvailPageFile size 32M)
current process WorkingSet (physical memory assigned to process): 10M, peak: 10M
current process commit charge ("private bytes"): 59M, peak: 219M

vm_info: OpenJDK 64-Bit Server VM (17.0.6+0-b2043.56-10027231) for windows-amd64 JRE (17.0.6+0-b2043.56-10027231), built on Apr 28 2023 00:43:19 by "androidbuild" with MS VC++ 16.10 / 16.11 (VS2019)

END.
